<?xml version="1.0" encoding="UTF-8"?>
<testsuite xmlns:xsi="http://www.w3.org/2001/XMLSchema-instance" xsi:noNamespaceSchemaLocation="https://maven.apache.org/surefire/maven-surefire-plugin/xsd/surefire-test-report.xsd" name="com.zlx.gradthesis.demo.Service.CartServiceTest" time="0.989" tests="1" errors="1" skipped="0" failures="0">
  <properties>
    <property name="java.specification.version" value="17"/>
    <property name="sun.jnu.encoding" value="UTF-8"/>
    <property name="java.class.path" value="/Users/jinling/Desktop/vegan_project/target/test-classes:/Users/jinling/Desktop/vegan_project/target/classes:/Users/jinling/Desktop/apache-maven-3.8.7/repository/mysql/mysql-connector-java/8.0.27/mysql-connector-java-8.0.27.jar:/Users/jinling/Desktop/apache-maven-3.8.7/repository/org/springframework/boot/spring-boot-starter-web/2.5.6/spring-boot-starter-web-2.5.6.jar:/Users/jinling/Desktop/apache-maven-3.8.7/repository/org/springframework/boot/spring-boot-starter/2.5.6/spring-boot-starter-2.5.6.jar:/Users/jinling/Desktop/apache-maven-3.8.7/repository/org/springframework/boot/spring-boot-starter-logging/2.5.6/spring-boot-starter-logging-2.5.6.jar:/Users/jinling/Desktop/apache-maven-3.8.7/repository/ch/qos/logback/logback-classic/1.2.6/logback-classic-1.2.6.jar:/Users/jinling/Desktop/apache-maven-3.8.7/repository/ch/qos/logback/logback-core/1.2.6/logback-core-1.2.6.jar:/Users/jinling/Desktop/apache-maven-3.8.7/repository/org/apache/logging/log4j/log4j-to-slf4j/2.14.1/log4j-to-slf4j-2.14.1.jar:/Users/jinling/Desktop/apache-maven-3.8.7/repository/org/apache/logging/log4j/log4j-api/2.14.1/log4j-api-2.14.1.jar:/Users/jinling/Desktop/apache-maven-3.8.7/repository/org/slf4j/jul-to-slf4j/1.7.32/jul-to-slf4j-1.7.32.jar:/Users/jinling/Desktop/apache-maven-3.8.7/repository/jakarta/annotation/jakarta.annotation-api/1.3.5/jakarta.annotation-api-1.3.5.jar:/Users/jinling/Desktop/apache-maven-3.8.7/repository/org/yaml/snakeyaml/1.28/snakeyaml-1.28.jar:/Users/jinling/Desktop/apache-maven-3.8.7/repository/org/springframework/boot/spring-boot-starter-json/2.5.6/spring-boot-starter-json-2.5.6.jar:/Users/jinling/Desktop/apache-maven-3.8.7/repository/com/fasterxml/jackson/datatype/jackson-datatype-jdk8/2.12.5/jackson-datatype-jdk8-2.12.5.jar:/Users/jinling/Desktop/apache-maven-3.8.7/repository/com/fasterxml/jackson/datatype/jackson-datatype-jsr310/2.12.5/jackson-datatype-jsr310-2.12.5.jar:/Users/jinling/Desktop/apache-maven-3.8.7/repository/com/fasterxml/jackson/module/jackson-module-parameter-names/2.12.5/jackson-module-parameter-names-2.12.5.jar:/Users/jinling/Desktop/apache-maven-3.8.7/repository/org/springframework/boot/spring-boot-starter-tomcat/2.5.6/spring-boot-starter-tomcat-2.5.6.jar:/Users/jinling/Desktop/apache-maven-3.8.7/repository/org/apache/tomcat/embed/tomcat-embed-core/9.0.54/tomcat-embed-core-9.0.54.jar:/Users/jinling/Desktop/apache-maven-3.8.7/repository/org/apache/tomcat/embed/tomcat-embed-el/9.0.54/tomcat-embed-el-9.0.54.jar:/Users/jinling/Desktop/apache-maven-3.8.7/repository/org/apache/tomcat/embed/tomcat-embed-websocket/9.0.54/tomcat-embed-websocket-9.0.54.jar:/Users/jinling/Desktop/apache-maven-3.8.7/repository/org/springframework/spring-web/5.3.12/spring-web-5.3.12.jar:/Users/jinling/Desktop/apache-maven-3.8.7/repository/org/springframework/spring-beans/5.3.12/spring-beans-5.3.12.jar:/Users/jinling/Desktop/apache-maven-3.8.7/repository/org/springframework/spring-webmvc/5.3.12/spring-webmvc-5.3.12.jar:/Users/jinling/Desktop/apache-maven-3.8.7/repository/org/springframework/spring-aop/5.3.12/spring-aop-5.3.12.jar:/Users/jinling/Desktop/apache-maven-3.8.7/repository/org/springframework/spring-context/5.3.12/spring-context-5.3.12.jar:/Users/jinling/Desktop/apache-maven-3.8.7/repository/org/springframework/spring-expression/5.3.12/spring-expression-5.3.12.jar:/Users/jinling/Desktop/apache-maven-3.8.7/repository/org/mybatis/spring/boot/mybatis-spring-boot-starter/2.2.0/mybatis-spring-boot-starter-2.2.0.jar:/Users/jinling/Desktop/apache-maven-3.8.7/repository/org/springframework/boot/spring-boot-starter-jdbc/2.5.6/spring-boot-starter-jdbc-2.5.6.jar:/Users/jinling/Desktop/apache-maven-3.8.7/repository/com/zaxxer/HikariCP/4.0.3/HikariCP-4.0.3.jar:/Users/jinling/Desktop/apache-maven-3.8.7/repository/org/springframework/spring-jdbc/5.3.12/spring-jdbc-5.3.12.jar:/Users/jinling/Desktop/apache-maven-3.8.7/repository/org/mybatis/spring/boot/mybatis-spring-boot-autoconfigure/2.2.0/mybatis-spring-boot-autoconfigure-2.2.0.jar:/Users/jinling/Desktop/apache-maven-3.8.7/repository/org/mybatis/mybatis/3.5.7/mybatis-3.5.7.jar:/Users/jinling/Desktop/apache-maven-3.8.7/repository/org/mybatis/mybatis-spring/2.0.6/mybatis-spring-2.0.6.jar:/Users/jinling/Desktop/apache-maven-3.8.7/repository/junit/junit/4.12/junit-4.12.jar:/Users/jinling/Desktop/apache-maven-3.8.7/repository/org/hamcrest/hamcrest-core/2.2/hamcrest-core-2.2.jar:/Users/jinling/Desktop/apache-maven-3.8.7/repository/io/springfox/springfox-swagger2/2.9.2/springfox-swagger2-2.9.2.jar:/Users/jinling/Desktop/apache-maven-3.8.7/repository/io/swagger/swagger-annotations/1.5.20/swagger-annotations-1.5.20.jar:/Users/jinling/Desktop/apache-maven-3.8.7/repository/io/swagger/swagger-models/1.5.20/swagger-models-1.5.20.jar:/Users/jinling/Desktop/apache-maven-3.8.7/repository/com/fasterxml/jackson/core/jackson-annotations/2.12.5/jackson-annotations-2.12.5.jar:/Users/jinling/Desktop/apache-maven-3.8.7/repository/io/springfox/springfox-spi/2.9.2/springfox-spi-2.9.2.jar:/Users/jinling/Desktop/apache-maven-3.8.7/repository/io/springfox/springfox-core/2.9.2/springfox-core-2.9.2.jar:/Users/jinling/Desktop/apache-maven-3.8.7/repository/io/springfox/springfox-schema/2.9.2/springfox-schema-2.9.2.jar:/Users/jinling/Desktop/apache-maven-3.8.7/repository/io/springfox/springfox-swagger-common/2.9.2/springfox-swagger-common-2.9.2.jar:/Users/jinling/Desktop/apache-maven-3.8.7/repository/io/springfox/springfox-spring-web/2.9.2/springfox-spring-web-2.9.2.jar:/Users/jinling/Desktop/apache-maven-3.8.7/repository/com/google/guava/guava/20.0/guava-20.0.jar:/Users/jinling/Desktop/apache-maven-3.8.7/repository/com/fasterxml/classmate/1.5.1/classmate-1.5.1.jar:/Users/jinling/Desktop/apache-maven-3.8.7/repository/org/slf4j/slf4j-api/1.7.32/slf4j-api-1.7.32.jar:/Users/jinling/Desktop/apache-maven-3.8.7/repository/org/springframework/plugin/spring-plugin-core/1.2.0.RELEASE/spring-plugin-core-1.2.0.RELEASE.jar:/Users/jinling/Desktop/apache-maven-3.8.7/repository/org/springframework/plugin/spring-plugin-metadata/1.2.0.RELEASE/spring-plugin-metadata-1.2.0.RELEASE.jar:/Users/jinling/Desktop/apache-maven-3.8.7/repository/org/mapstruct/mapstruct/1.2.0.Final/mapstruct-1.2.0.Final.jar:/Users/jinling/Desktop/apache-maven-3.8.7/repository/io/springfox/springfox-swagger-ui/2.9.2/springfox-swagger-ui-2.9.2.jar:/Users/jinling/Desktop/apache-maven-3.8.7/repository/com/google/code/gson/gson/2.8.2/gson-2.8.2.jar:/Users/jinling/Desktop/apache-maven-3.8.7/repository/org/springframework/boot/spring-boot-starter-data-redis/2.5.6/spring-boot-starter-data-redis-2.5.6.jar:/Users/jinling/Desktop/apache-maven-3.8.7/repository/org/springframework/data/spring-data-redis/2.5.6/spring-data-redis-2.5.6.jar:/Users/jinling/Desktop/apache-maven-3.8.7/repository/org/springframework/data/spring-data-keyvalue/2.5.6/spring-data-keyvalue-2.5.6.jar:/Users/jinling/Desktop/apache-maven-3.8.7/repository/org/springframework/data/spring-data-commons/2.5.6/spring-data-commons-2.5.6.jar:/Users/jinling/Desktop/apache-maven-3.8.7/repository/org/springframework/spring-oxm/5.3.12/spring-oxm-5.3.12.jar:/Users/jinling/Desktop/apache-maven-3.8.7/repository/io/lettuce/lettuce-core/6.1.5.RELEASE/lettuce-core-6.1.5.RELEASE.jar:/Users/jinling/Desktop/apache-maven-3.8.7/repository/io/netty/netty-common/4.1.69.Final/netty-common-4.1.69.Final.jar:/Users/jinling/Desktop/apache-maven-3.8.7/repository/io/netty/netty-handler/4.1.69.Final/netty-handler-4.1.69.Final.jar:/Users/jinling/Desktop/apache-maven-3.8.7/repository/io/netty/netty-resolver/4.1.69.Final/netty-resolver-4.1.69.Final.jar:/Users/jinling/Desktop/apache-maven-3.8.7/repository/io/netty/netty-buffer/4.1.69.Final/netty-buffer-4.1.69.Final.jar:/Users/jinling/Desktop/apache-maven-3.8.7/repository/io/netty/netty-codec/4.1.69.Final/netty-codec-4.1.69.Final.jar:/Users/jinling/Desktop/apache-maven-3.8.7/repository/io/netty/netty-transport/4.1.69.Final/netty-transport-4.1.69.Final.jar:/Users/jinling/Desktop/apache-maven-3.8.7/repository/io/projectreactor/reactor-core/3.4.11/reactor-core-3.4.11.jar:/Users/jinling/Desktop/apache-maven-3.8.7/repository/org/reactivestreams/reactive-streams/1.0.3/reactive-streams-1.0.3.jar:/Users/jinling/Desktop/apache-maven-3.8.7/repository/org/springframework/boot/spring-boot-starter-websocket/2.5.6/spring-boot-starter-websocket-2.5.6.jar:/Users/jinling/Desktop/apache-maven-3.8.7/repository/org/springframework/spring-messaging/5.3.12/spring-messaging-5.3.12.jar:/Users/jinling/Desktop/apache-maven-3.8.7/repository/org/springframework/spring-websocket/5.3.12/spring-websocket-5.3.12.jar:/Users/jinling/Desktop/apache-maven-3.8.7/repository/com/alibaba/fastjson/1.2.47/fastjson-1.2.47.jar:/Users/jinling/Desktop/apache-maven-3.8.7/repository/org/springframework/boot/spring-boot-devtools/2.5.6/spring-boot-devtools-2.5.6.jar:/Users/jinling/Desktop/apache-maven-3.8.7/repository/org/springframework/boot/spring-boot/2.5.6/spring-boot-2.5.6.jar:/Users/jinling/Desktop/apache-maven-3.8.7/repository/org/springframework/boot/spring-boot-autoconfigure/2.5.6/spring-boot-autoconfigure-2.5.6.jar:/Users/jinling/Desktop/apache-maven-3.8.7/repository/com/microsoft/sqlserver/mssql-jdbc/9.2.1.jre8/mssql-jdbc-9.2.1.jre8.jar:/Users/jinling/Desktop/apache-maven-3.8.7/repository/org/projectlombok/lombok/1.18.22/lombok-1.18.22.jar:/Users/jinling/Desktop/apache-maven-3.8.7/repository/com/baomidou/mybatis-plus-boot-starter/3.4.1/mybatis-plus-boot-starter-3.4.1.jar:/Users/jinling/Desktop/apache-maven-3.8.7/repository/com/baomidou/mybatis-plus/3.4.1/mybatis-plus-3.4.1.jar:/Users/jinling/Desktop/apache-maven-3.8.7/repository/com/baomidou/mybatis-plus-extension/3.4.1/mybatis-plus-extension-3.4.1.jar:/Users/jinling/Desktop/apache-maven-3.8.7/repository/com/baomidou/mybatis-plus-core/3.4.1/mybatis-plus-core-3.4.1.jar:/Users/jinling/Desktop/apache-maven-3.8.7/repository/com/baomidou/mybatis-plus-annotation/3.4.1/mybatis-plus-annotation-3.4.1.jar:/Users/jinling/Desktop/apache-maven-3.8.7/repository/com/github/jsqlparser/jsqlparser/3.2/jsqlparser-3.2.jar:/Users/jinling/Desktop/apache-maven-3.8.7/repository/org/springframework/boot/spring-boot-starter-test/2.5.6/spring-boot-starter-test-2.5.6.jar:/Users/jinling/Desktop/apache-maven-3.8.7/repository/org/springframework/boot/spring-boot-test/2.5.6/spring-boot-test-2.5.6.jar:/Users/jinling/Desktop/apache-maven-3.8.7/repository/org/springframework/boot/spring-boot-test-autoconfigure/2.5.6/spring-boot-test-autoconfigure-2.5.6.jar:/Users/jinling/Desktop/apache-maven-3.8.7/repository/com/jayway/jsonpath/json-path/2.5.0/json-path-2.5.0.jar:/Users/jinling/Desktop/apache-maven-3.8.7/repository/net/minidev/json-smart/2.4.7/json-smart-2.4.7.jar:/Users/jinling/Desktop/apache-maven-3.8.7/repository/net/minidev/accessors-smart/2.4.7/accessors-smart-2.4.7.jar:/Users/jinling/Desktop/apache-maven-3.8.7/repository/org/ow2/asm/asm/9.1/asm-9.1.jar:/Users/jinling/Desktop/apache-maven-3.8.7/repository/jakarta/xml/bind/jakarta.xml.bind-api/2.3.3/jakarta.xml.bind-api-2.3.3.jar:/Users/jinling/Desktop/apache-maven-3.8.7/repository/jakarta/activation/jakarta.activation-api/1.2.2/jakarta.activation-api-1.2.2.jar:/Users/jinling/Desktop/apache-maven-3.8.7/repository/org/assertj/assertj-core/3.19.0/assertj-core-3.19.0.jar:/Users/jinling/Desktop/apache-maven-3.8.7/repository/org/hamcrest/hamcrest/2.2/hamcrest-2.2.jar:/Users/jinling/Desktop/apache-maven-3.8.7/repository/org/junit/jupiter/junit-jupiter/5.7.2/junit-jupiter-5.7.2.jar:/Users/jinling/Desktop/apache-maven-3.8.7/repository/org/junit/jupiter/junit-jupiter-api/5.7.2/junit-jupiter-api-5.7.2.jar:/Users/jinling/Desktop/apache-maven-3.8.7/repository/org/apiguardian/apiguardian-api/1.1.0/apiguardian-api-1.1.0.jar:/Users/jinling/Desktop/apache-maven-3.8.7/repository/org/opentest4j/opentest4j/1.2.0/opentest4j-1.2.0.jar:/Users/jinling/Desktop/apache-maven-3.8.7/repository/org/junit/platform/junit-platform-commons/1.7.2/junit-platform-commons-1.7.2.jar:/Users/jinling/Desktop/apache-maven-3.8.7/repository/org/junit/jupiter/junit-jupiter-params/5.7.2/junit-jupiter-params-5.7.2.jar:/Users/jinling/Desktop/apache-maven-3.8.7/repository/org/junit/jupiter/junit-jupiter-engine/5.7.2/junit-jupiter-engine-5.7.2.jar:/Users/jinling/Desktop/apache-maven-3.8.7/repository/org/junit/platform/junit-platform-engine/1.7.2/junit-platform-engine-1.7.2.jar:/Users/jinling/Desktop/apache-maven-3.8.7/repository/org/mockito/mockito-core/3.9.0/mockito-core-3.9.0.jar:/Users/jinling/Desktop/apache-maven-3.8.7/repository/net/bytebuddy/byte-buddy/1.10.22/byte-buddy-1.10.22.jar:/Users/jinling/Desktop/apache-maven-3.8.7/repository/net/bytebuddy/byte-buddy-agent/1.10.22/byte-buddy-agent-1.10.22.jar:/Users/jinling/Desktop/apache-maven-3.8.7/repository/org/objenesis/objenesis/3.2/objenesis-3.2.jar:/Users/jinling/Desktop/apache-maven-3.8.7/repository/org/mockito/mockito-junit-jupiter/3.9.0/mockito-junit-jupiter-3.9.0.jar:/Users/jinling/Desktop/apache-maven-3.8.7/repository/org/skyscreamer/jsonassert/1.5.0/jsonassert-1.5.0.jar:/Users/jinling/Desktop/apache-maven-3.8.7/repository/com/vaadin/external/google/android-json/0.0.20131108.vaadin1/android-json-0.0.20131108.vaadin1.jar:/Users/jinling/Desktop/apache-maven-3.8.7/repository/org/springframework/spring-core/5.3.12/spring-core-5.3.12.jar:/Users/jinling/Desktop/apache-maven-3.8.7/repository/org/springframework/spring-jcl/5.3.12/spring-jcl-5.3.12.jar:/Users/jinling/Desktop/apache-maven-3.8.7/repository/org/springframework/spring-test/5.3.12/spring-test-5.3.12.jar:/Users/jinling/Desktop/apache-maven-3.8.7/repository/org/xmlunit/xmlunit-core/2.8.3/xmlunit-core-2.8.3.jar:/Users/jinling/Desktop/apache-maven-3.8.7/repository/com/auth0/java-jwt/3.4.0/java-jwt-3.4.0.jar:/Users/jinling/Desktop/apache-maven-3.8.7/repository/com/fasterxml/jackson/core/jackson-databind/2.12.5/jackson-databind-2.12.5.jar:/Users/jinling/Desktop/apache-maven-3.8.7/repository/com/fasterxml/jackson/core/jackson-core/2.12.5/jackson-core-2.12.5.jar:/Users/jinling/Desktop/apache-maven-3.8.7/repository/commons-codec/commons-codec/1.15/commons-codec-1.15.jar:/Users/jinling/Desktop/apache-maven-3.8.7/repository/io/jsonwebtoken/jjwt/0.7.0/jjwt-0.7.0.jar:/Users/jinling/Desktop/apache-maven-3.8.7/repository/com/alipay/sdk/alipay-sdk-java/3.1.0/alipay-sdk-java-3.1.0.jar:/Users/jinling/Desktop/apache-maven-3.8.7/repository/commons-logging/commons-logging/1.1.1/commons-logging-1.1.1.jar:/Users/jinling/Desktop/apache-maven-3.8.7/repository/com/github/wxpay/wxpay-sdk/0.0.3/wxpay-sdk-0.0.3.jar:/Users/jinling/Desktop/apache-maven-3.8.7/repository/org/springframework/boot/spring-boot-starter-quartz/2.5.6/spring-boot-starter-quartz-2.5.6.jar:/Users/jinling/Desktop/apache-maven-3.8.7/repository/org/springframework/spring-context-support/5.3.12/spring-context-support-5.3.12.jar:/Users/jinling/Desktop/apache-maven-3.8.7/repository/org/springframework/spring-tx/5.3.12/spring-tx-5.3.12.jar:/Users/jinling/Desktop/apache-maven-3.8.7/repository/org/quartz-scheduler/quartz/2.3.2/quartz-2.3.2.jar:/Users/jinling/Desktop/apache-maven-3.8.7/repository/com/mchange/mchange-commons-java/0.2.15/mchange-commons-java-0.2.15.jar:"/>
    <property name="java.vm.vendor" value="Amazon.com Inc."/>
    <property name="sun.arch.data.model" value="64"/>
    <property name="java.vendor.url" value="https://aws.amazon.com/corretto/"/>
    <property name="os.name" value="Mac OS X"/>
    <property name="java.vm.specification.version" value="17"/>
    <property name="sun.java.launcher" value="SUN_STANDARD"/>
    <property name="user.country" value="CN"/>
    <property name="sun.boot.library.path" value="/Users/jinling/Library/Java/JavaVirtualMachines/corretto-17.0.6/Contents/Home/lib"/>
    <property name="sun.java.command" value="/Users/jinling/Desktop/vegan_project/target/surefire/surefirebooter12640309257570199527.jar /Users/jinling/Desktop/vegan_project/target/surefire 2023-01-23T22-46-23_874-jvmRun1 surefire18181513545369688438tmp surefire_06358359923333672170tmp"/>
    <property name="http.nonProxyHosts" value="local|*.local|169.254/16|*.169.254/16"/>
    <property name="jdk.debug" value="release"/>
    <property name="surefire.test.class.path" value="/Users/jinling/Desktop/vegan_project/target/test-classes:/Users/jinling/Desktop/vegan_project/target/classes:/Users/jinling/Desktop/apache-maven-3.8.7/repository/mysql/mysql-connector-java/8.0.27/mysql-connector-java-8.0.27.jar:/Users/jinling/Desktop/apache-maven-3.8.7/repository/org/springframework/boot/spring-boot-starter-web/2.5.6/spring-boot-starter-web-2.5.6.jar:/Users/jinling/Desktop/apache-maven-3.8.7/repository/org/springframework/boot/spring-boot-starter/2.5.6/spring-boot-starter-2.5.6.jar:/Users/jinling/Desktop/apache-maven-3.8.7/repository/org/springframework/boot/spring-boot-starter-logging/2.5.6/spring-boot-starter-logging-2.5.6.jar:/Users/jinling/Desktop/apache-maven-3.8.7/repository/ch/qos/logback/logback-classic/1.2.6/logback-classic-1.2.6.jar:/Users/jinling/Desktop/apache-maven-3.8.7/repository/ch/qos/logback/logback-core/1.2.6/logback-core-1.2.6.jar:/Users/jinling/Desktop/apache-maven-3.8.7/repository/org/apache/logging/log4j/log4j-to-slf4j/2.14.1/log4j-to-slf4j-2.14.1.jar:/Users/jinling/Desktop/apache-maven-3.8.7/repository/org/apache/logging/log4j/log4j-api/2.14.1/log4j-api-2.14.1.jar:/Users/jinling/Desktop/apache-maven-3.8.7/repository/org/slf4j/jul-to-slf4j/1.7.32/jul-to-slf4j-1.7.32.jar:/Users/jinling/Desktop/apache-maven-3.8.7/repository/jakarta/annotation/jakarta.annotation-api/1.3.5/jakarta.annotation-api-1.3.5.jar:/Users/jinling/Desktop/apache-maven-3.8.7/repository/org/yaml/snakeyaml/1.28/snakeyaml-1.28.jar:/Users/jinling/Desktop/apache-maven-3.8.7/repository/org/springframework/boot/spring-boot-starter-json/2.5.6/spring-boot-starter-json-2.5.6.jar:/Users/jinling/Desktop/apache-maven-3.8.7/repository/com/fasterxml/jackson/datatype/jackson-datatype-jdk8/2.12.5/jackson-datatype-jdk8-2.12.5.jar:/Users/jinling/Desktop/apache-maven-3.8.7/repository/com/fasterxml/jackson/datatype/jackson-datatype-jsr310/2.12.5/jackson-datatype-jsr310-2.12.5.jar:/Users/jinling/Desktop/apache-maven-3.8.7/repository/com/fasterxml/jackson/module/jackson-module-parameter-names/2.12.5/jackson-module-parameter-names-2.12.5.jar:/Users/jinling/Desktop/apache-maven-3.8.7/repository/org/springframework/boot/spring-boot-starter-tomcat/2.5.6/spring-boot-starter-tomcat-2.5.6.jar:/Users/jinling/Desktop/apache-maven-3.8.7/repository/org/apache/tomcat/embed/tomcat-embed-core/9.0.54/tomcat-embed-core-9.0.54.jar:/Users/jinling/Desktop/apache-maven-3.8.7/repository/org/apache/tomcat/embed/tomcat-embed-el/9.0.54/tomcat-embed-el-9.0.54.jar:/Users/jinling/Desktop/apache-maven-3.8.7/repository/org/apache/tomcat/embed/tomcat-embed-websocket/9.0.54/tomcat-embed-websocket-9.0.54.jar:/Users/jinling/Desktop/apache-maven-3.8.7/repository/org/springframework/spring-web/5.3.12/spring-web-5.3.12.jar:/Users/jinling/Desktop/apache-maven-3.8.7/repository/org/springframework/spring-beans/5.3.12/spring-beans-5.3.12.jar:/Users/jinling/Desktop/apache-maven-3.8.7/repository/org/springframework/spring-webmvc/5.3.12/spring-webmvc-5.3.12.jar:/Users/jinling/Desktop/apache-maven-3.8.7/repository/org/springframework/spring-aop/5.3.12/spring-aop-5.3.12.jar:/Users/jinling/Desktop/apache-maven-3.8.7/repository/org/springframework/spring-context/5.3.12/spring-context-5.3.12.jar:/Users/jinling/Desktop/apache-maven-3.8.7/repository/org/springframework/spring-expression/5.3.12/spring-expression-5.3.12.jar:/Users/jinling/Desktop/apache-maven-3.8.7/repository/org/mybatis/spring/boot/mybatis-spring-boot-starter/2.2.0/mybatis-spring-boot-starter-2.2.0.jar:/Users/jinling/Desktop/apache-maven-3.8.7/repository/org/springframework/boot/spring-boot-starter-jdbc/2.5.6/spring-boot-starter-jdbc-2.5.6.jar:/Users/jinling/Desktop/apache-maven-3.8.7/repository/com/zaxxer/HikariCP/4.0.3/HikariCP-4.0.3.jar:/Users/jinling/Desktop/apache-maven-3.8.7/repository/org/springframework/spring-jdbc/5.3.12/spring-jdbc-5.3.12.jar:/Users/jinling/Desktop/apache-maven-3.8.7/repository/org/mybatis/spring/boot/mybatis-spring-boot-autoconfigure/2.2.0/mybatis-spring-boot-autoconfigure-2.2.0.jar:/Users/jinling/Desktop/apache-maven-3.8.7/repository/org/mybatis/mybatis/3.5.7/mybatis-3.5.7.jar:/Users/jinling/Desktop/apache-maven-3.8.7/repository/org/mybatis/mybatis-spring/2.0.6/mybatis-spring-2.0.6.jar:/Users/jinling/Desktop/apache-maven-3.8.7/repository/junit/junit/4.12/junit-4.12.jar:/Users/jinling/Desktop/apache-maven-3.8.7/repository/org/hamcrest/hamcrest-core/2.2/hamcrest-core-2.2.jar:/Users/jinling/Desktop/apache-maven-3.8.7/repository/io/springfox/springfox-swagger2/2.9.2/springfox-swagger2-2.9.2.jar:/Users/jinling/Desktop/apache-maven-3.8.7/repository/io/swagger/swagger-annotations/1.5.20/swagger-annotations-1.5.20.jar:/Users/jinling/Desktop/apache-maven-3.8.7/repository/io/swagger/swagger-models/1.5.20/swagger-models-1.5.20.jar:/Users/jinling/Desktop/apache-maven-3.8.7/repository/com/fasterxml/jackson/core/jackson-annotations/2.12.5/jackson-annotations-2.12.5.jar:/Users/jinling/Desktop/apache-maven-3.8.7/repository/io/springfox/springfox-spi/2.9.2/springfox-spi-2.9.2.jar:/Users/jinling/Desktop/apache-maven-3.8.7/repository/io/springfox/springfox-core/2.9.2/springfox-core-2.9.2.jar:/Users/jinling/Desktop/apache-maven-3.8.7/repository/io/springfox/springfox-schema/2.9.2/springfox-schema-2.9.2.jar:/Users/jinling/Desktop/apache-maven-3.8.7/repository/io/springfox/springfox-swagger-common/2.9.2/springfox-swagger-common-2.9.2.jar:/Users/jinling/Desktop/apache-maven-3.8.7/repository/io/springfox/springfox-spring-web/2.9.2/springfox-spring-web-2.9.2.jar:/Users/jinling/Desktop/apache-maven-3.8.7/repository/com/google/guava/guava/20.0/guava-20.0.jar:/Users/jinling/Desktop/apache-maven-3.8.7/repository/com/fasterxml/classmate/1.5.1/classmate-1.5.1.jar:/Users/jinling/Desktop/apache-maven-3.8.7/repository/org/slf4j/slf4j-api/1.7.32/slf4j-api-1.7.32.jar:/Users/jinling/Desktop/apache-maven-3.8.7/repository/org/springframework/plugin/spring-plugin-core/1.2.0.RELEASE/spring-plugin-core-1.2.0.RELEASE.jar:/Users/jinling/Desktop/apache-maven-3.8.7/repository/org/springframework/plugin/spring-plugin-metadata/1.2.0.RELEASE/spring-plugin-metadata-1.2.0.RELEASE.jar:/Users/jinling/Desktop/apache-maven-3.8.7/repository/org/mapstruct/mapstruct/1.2.0.Final/mapstruct-1.2.0.Final.jar:/Users/jinling/Desktop/apache-maven-3.8.7/repository/io/springfox/springfox-swagger-ui/2.9.2/springfox-swagger-ui-2.9.2.jar:/Users/jinling/Desktop/apache-maven-3.8.7/repository/com/google/code/gson/gson/2.8.2/gson-2.8.2.jar:/Users/jinling/Desktop/apache-maven-3.8.7/repository/org/springframework/boot/spring-boot-starter-data-redis/2.5.6/spring-boot-starter-data-redis-2.5.6.jar:/Users/jinling/Desktop/apache-maven-3.8.7/repository/org/springframework/data/spring-data-redis/2.5.6/spring-data-redis-2.5.6.jar:/Users/jinling/Desktop/apache-maven-3.8.7/repository/org/springframework/data/spring-data-keyvalue/2.5.6/spring-data-keyvalue-2.5.6.jar:/Users/jinling/Desktop/apache-maven-3.8.7/repository/org/springframework/data/spring-data-commons/2.5.6/spring-data-commons-2.5.6.jar:/Users/jinling/Desktop/apache-maven-3.8.7/repository/org/springframework/spring-oxm/5.3.12/spring-oxm-5.3.12.jar:/Users/jinling/Desktop/apache-maven-3.8.7/repository/io/lettuce/lettuce-core/6.1.5.RELEASE/lettuce-core-6.1.5.RELEASE.jar:/Users/jinling/Desktop/apache-maven-3.8.7/repository/io/netty/netty-common/4.1.69.Final/netty-common-4.1.69.Final.jar:/Users/jinling/Desktop/apache-maven-3.8.7/repository/io/netty/netty-handler/4.1.69.Final/netty-handler-4.1.69.Final.jar:/Users/jinling/Desktop/apache-maven-3.8.7/repository/io/netty/netty-resolver/4.1.69.Final/netty-resolver-4.1.69.Final.jar:/Users/jinling/Desktop/apache-maven-3.8.7/repository/io/netty/netty-buffer/4.1.69.Final/netty-buffer-4.1.69.Final.jar:/Users/jinling/Desktop/apache-maven-3.8.7/repository/io/netty/netty-codec/4.1.69.Final/netty-codec-4.1.69.Final.jar:/Users/jinling/Desktop/apache-maven-3.8.7/repository/io/netty/netty-transport/4.1.69.Final/netty-transport-4.1.69.Final.jar:/Users/jinling/Desktop/apache-maven-3.8.7/repository/io/projectreactor/reactor-core/3.4.11/reactor-core-3.4.11.jar:/Users/jinling/Desktop/apache-maven-3.8.7/repository/org/reactivestreams/reactive-streams/1.0.3/reactive-streams-1.0.3.jar:/Users/jinling/Desktop/apache-maven-3.8.7/repository/org/springframework/boot/spring-boot-starter-websocket/2.5.6/spring-boot-starter-websocket-2.5.6.jar:/Users/jinling/Desktop/apache-maven-3.8.7/repository/org/springframework/spring-messaging/5.3.12/spring-messaging-5.3.12.jar:/Users/jinling/Desktop/apache-maven-3.8.7/repository/org/springframework/spring-websocket/5.3.12/spring-websocket-5.3.12.jar:/Users/jinling/Desktop/apache-maven-3.8.7/repository/com/alibaba/fastjson/1.2.47/fastjson-1.2.47.jar:/Users/jinling/Desktop/apache-maven-3.8.7/repository/org/springframework/boot/spring-boot-devtools/2.5.6/spring-boot-devtools-2.5.6.jar:/Users/jinling/Desktop/apache-maven-3.8.7/repository/org/springframework/boot/spring-boot/2.5.6/spring-boot-2.5.6.jar:/Users/jinling/Desktop/apache-maven-3.8.7/repository/org/springframework/boot/spring-boot-autoconfigure/2.5.6/spring-boot-autoconfigure-2.5.6.jar:/Users/jinling/Desktop/apache-maven-3.8.7/repository/com/microsoft/sqlserver/mssql-jdbc/9.2.1.jre8/mssql-jdbc-9.2.1.jre8.jar:/Users/jinling/Desktop/apache-maven-3.8.7/repository/org/projectlombok/lombok/1.18.22/lombok-1.18.22.jar:/Users/jinling/Desktop/apache-maven-3.8.7/repository/com/baomidou/mybatis-plus-boot-starter/3.4.1/mybatis-plus-boot-starter-3.4.1.jar:/Users/jinling/Desktop/apache-maven-3.8.7/repository/com/baomidou/mybatis-plus/3.4.1/mybatis-plus-3.4.1.jar:/Users/jinling/Desktop/apache-maven-3.8.7/repository/com/baomidou/mybatis-plus-extension/3.4.1/mybatis-plus-extension-3.4.1.jar:/Users/jinling/Desktop/apache-maven-3.8.7/repository/com/baomidou/mybatis-plus-core/3.4.1/mybatis-plus-core-3.4.1.jar:/Users/jinling/Desktop/apache-maven-3.8.7/repository/com/baomidou/mybatis-plus-annotation/3.4.1/mybatis-plus-annotation-3.4.1.jar:/Users/jinling/Desktop/apache-maven-3.8.7/repository/com/github/jsqlparser/jsqlparser/3.2/jsqlparser-3.2.jar:/Users/jinling/Desktop/apache-maven-3.8.7/repository/org/springframework/boot/spring-boot-starter-test/2.5.6/spring-boot-starter-test-2.5.6.jar:/Users/jinling/Desktop/apache-maven-3.8.7/repository/org/springframework/boot/spring-boot-test/2.5.6/spring-boot-test-2.5.6.jar:/Users/jinling/Desktop/apache-maven-3.8.7/repository/org/springframework/boot/spring-boot-test-autoconfigure/2.5.6/spring-boot-test-autoconfigure-2.5.6.jar:/Users/jinling/Desktop/apache-maven-3.8.7/repository/com/jayway/jsonpath/json-path/2.5.0/json-path-2.5.0.jar:/Users/jinling/Desktop/apache-maven-3.8.7/repository/net/minidev/json-smart/2.4.7/json-smart-2.4.7.jar:/Users/jinling/Desktop/apache-maven-3.8.7/repository/net/minidev/accessors-smart/2.4.7/accessors-smart-2.4.7.jar:/Users/jinling/Desktop/apache-maven-3.8.7/repository/org/ow2/asm/asm/9.1/asm-9.1.jar:/Users/jinling/Desktop/apache-maven-3.8.7/repository/jakarta/xml/bind/jakarta.xml.bind-api/2.3.3/jakarta.xml.bind-api-2.3.3.jar:/Users/jinling/Desktop/apache-maven-3.8.7/repository/jakarta/activation/jakarta.activation-api/1.2.2/jakarta.activation-api-1.2.2.jar:/Users/jinling/Desktop/apache-maven-3.8.7/repository/org/assertj/assertj-core/3.19.0/assertj-core-3.19.0.jar:/Users/jinling/Desktop/apache-maven-3.8.7/repository/org/hamcrest/hamcrest/2.2/hamcrest-2.2.jar:/Users/jinling/Desktop/apache-maven-3.8.7/repository/org/junit/jupiter/junit-jupiter/5.7.2/junit-jupiter-5.7.2.jar:/Users/jinling/Desktop/apache-maven-3.8.7/repository/org/junit/jupiter/junit-jupiter-api/5.7.2/junit-jupiter-api-5.7.2.jar:/Users/jinling/Desktop/apache-maven-3.8.7/repository/org/apiguardian/apiguardian-api/1.1.0/apiguardian-api-1.1.0.jar:/Users/jinling/Desktop/apache-maven-3.8.7/repository/org/opentest4j/opentest4j/1.2.0/opentest4j-1.2.0.jar:/Users/jinling/Desktop/apache-maven-3.8.7/repository/org/junit/platform/junit-platform-commons/1.7.2/junit-platform-commons-1.7.2.jar:/Users/jinling/Desktop/apache-maven-3.8.7/repository/org/junit/jupiter/junit-jupiter-params/5.7.2/junit-jupiter-params-5.7.2.jar:/Users/jinling/Desktop/apache-maven-3.8.7/repository/org/junit/jupiter/junit-jupiter-engine/5.7.2/junit-jupiter-engine-5.7.2.jar:/Users/jinling/Desktop/apache-maven-3.8.7/repository/org/junit/platform/junit-platform-engine/1.7.2/junit-platform-engine-1.7.2.jar:/Users/jinling/Desktop/apache-maven-3.8.7/repository/org/mockito/mockito-core/3.9.0/mockito-core-3.9.0.jar:/Users/jinling/Desktop/apache-maven-3.8.7/repository/net/bytebuddy/byte-buddy/1.10.22/byte-buddy-1.10.22.jar:/Users/jinling/Desktop/apache-maven-3.8.7/repository/net/bytebuddy/byte-buddy-agent/1.10.22/byte-buddy-agent-1.10.22.jar:/Users/jinling/Desktop/apache-maven-3.8.7/repository/org/objenesis/objenesis/3.2/objenesis-3.2.jar:/Users/jinling/Desktop/apache-maven-3.8.7/repository/org/mockito/mockito-junit-jupiter/3.9.0/mockito-junit-jupiter-3.9.0.jar:/Users/jinling/Desktop/apache-maven-3.8.7/repository/org/skyscreamer/jsonassert/1.5.0/jsonassert-1.5.0.jar:/Users/jinling/Desktop/apache-maven-3.8.7/repository/com/vaadin/external/google/android-json/0.0.20131108.vaadin1/android-json-0.0.20131108.vaadin1.jar:/Users/jinling/Desktop/apache-maven-3.8.7/repository/org/springframework/spring-core/5.3.12/spring-core-5.3.12.jar:/Users/jinling/Desktop/apache-maven-3.8.7/repository/org/springframework/spring-jcl/5.3.12/spring-jcl-5.3.12.jar:/Users/jinling/Desktop/apache-maven-3.8.7/repository/org/springframework/spring-test/5.3.12/spring-test-5.3.12.jar:/Users/jinling/Desktop/apache-maven-3.8.7/repository/org/xmlunit/xmlunit-core/2.8.3/xmlunit-core-2.8.3.jar:/Users/jinling/Desktop/apache-maven-3.8.7/repository/com/auth0/java-jwt/3.4.0/java-jwt-3.4.0.jar:/Users/jinling/Desktop/apache-maven-3.8.7/repository/com/fasterxml/jackson/core/jackson-databind/2.12.5/jackson-databind-2.12.5.jar:/Users/jinling/Desktop/apache-maven-3.8.7/repository/com/fasterxml/jackson/core/jackson-core/2.12.5/jackson-core-2.12.5.jar:/Users/jinling/Desktop/apache-maven-3.8.7/repository/commons-codec/commons-codec/1.15/commons-codec-1.15.jar:/Users/jinling/Desktop/apache-maven-3.8.7/repository/io/jsonwebtoken/jjwt/0.7.0/jjwt-0.7.0.jar:/Users/jinling/Desktop/apache-maven-3.8.7/repository/com/alipay/sdk/alipay-sdk-java/3.1.0/alipay-sdk-java-3.1.0.jar:/Users/jinling/Desktop/apache-maven-3.8.7/repository/commons-logging/commons-logging/1.1.1/commons-logging-1.1.1.jar:/Users/jinling/Desktop/apache-maven-3.8.7/repository/com/github/wxpay/wxpay-sdk/0.0.3/wxpay-sdk-0.0.3.jar:/Users/jinling/Desktop/apache-maven-3.8.7/repository/org/springframework/boot/spring-boot-starter-quartz/2.5.6/spring-boot-starter-quartz-2.5.6.jar:/Users/jinling/Desktop/apache-maven-3.8.7/repository/org/springframework/spring-context-support/5.3.12/spring-context-support-5.3.12.jar:/Users/jinling/Desktop/apache-maven-3.8.7/repository/org/springframework/spring-tx/5.3.12/spring-tx-5.3.12.jar:/Users/jinling/Desktop/apache-maven-3.8.7/repository/org/quartz-scheduler/quartz/2.3.2/quartz-2.3.2.jar:/Users/jinling/Desktop/apache-maven-3.8.7/repository/com/mchange/mchange-commons-java/0.2.15/mchange-commons-java-0.2.15.jar:"/>
    <property name="sun.cpu.endian" value="little"/>
    <property name="user.home" value="/Users/jinling"/>
    <property name="user.language" value="zh"/>
    <property name="java.specification.vendor" value="Oracle Corporation"/>
    <property name="java.version.date" value="2023-01-17"/>
    <property name="java.home" value="/Users/jinling/Library/Java/JavaVirtualMachines/corretto-17.0.6/Contents/Home"/>
    <property name="file.separator" value="/"/>
    <property name="basedir" value="/Users/jinling/Desktop/vegan_project"/>
    <property name="java.vm.compressedOopsMode" value="Zero based"/>
    <property name="line.separator" value="&#10;"/>
    <property name="java.vm.specification.vendor" value="Oracle Corporation"/>
    <property name="java.specification.name" value="Java Platform API Specification"/>
    <property name="surefire.real.class.path" value="/Users/jinling/Desktop/vegan_project/target/surefire/surefirebooter12640309257570199527.jar"/>
    <property name="user.script" value="Hans"/>
    <property name="sun.management.compiler" value="HotSpot 64-Bit Tiered Compilers"/>
    <property name="ftp.nonProxyHosts" value="local|*.local|169.254/16|*.169.254/16"/>
    <property name="java.runtime.version" value="17.0.6+10-LTS"/>
    <property name="user.name" value="jinling"/>
    <property name="path.separator" value=":"/>
    <property name="os.version" value="13.0.1"/>
    <property name="java.runtime.name" value="OpenJDK Runtime Environment"/>
    <property name="file.encoding" value="UTF-8"/>
    <property name="java.vm.name" value="OpenJDK 64-Bit Server VM"/>
    <property name="java.vendor.version" value="Corretto-17.0.6.10.1"/>
    <property name="localRepository" value="/Users/jinling/Desktop/apache-maven-3.8.7/repository"/>
    <property name="java.vendor.url.bug" value="https://github.com/corretto/corretto-17/issues/"/>
    <property name="java.io.tmpdir" value="/var/folders/gh/szrs0lw94b1__pzkq3kbj1hm0000gn/T/"/>
    <property name="idea.version" value="2022.3.1"/>
    <property name="java.version" value="17.0.6"/>
    <property name="user.dir" value="/Users/jinling/Desktop/vegan_project"/>
    <property name="os.arch" value="x86_64"/>
    <property name="java.vm.specification.name" value="Java Virtual Machine Specification"/>
    <property name="native.encoding" value="UTF-8"/>
    <property name="java.library.path" value="/Users/jinling/Library/Java/Extensions:/Library/Java/Extensions:/Network/Library/Java/Extensions:/System/Library/Java/Extensions:/usr/lib/java:."/>
    <property name="java.vm.info" value="mixed mode, sharing"/>
    <property name="java.vendor" value="Amazon.com Inc."/>
    <property name="java.vm.version" value="17.0.6+10-LTS"/>
    <property name="sun.io.unicode.encoding" value="UnicodeBig"/>
    <property name="maven.repo.local" value="/Users/jinling/Desktop/apache-maven-3.8.7/repository"/>
    <property name="socksNonProxyHosts" value="local|*.local|169.254/16|*.169.254/16"/>
    <property name="java.class.version" value="61.0"/>
  </properties>
  <testcase name="selectShoppingCartsByIds" classname="com.zlx.gradthesis.demo.Service.CartServiceTest" time="0.006">
    <error message="Failed to load ApplicationContext" type="java.lang.IllegalStateException">java.lang.IllegalStateException: Failed to load ApplicationContext
Caused by: org.springframework.beans.factory.BeanCreationException: Error creating bean with name 'getServerEndPointExporter' defined in class path resource [com/zlx/gradthesis/demo/websocket/WebSocketConfig.class]: Invocation of init method failed; nested exception is java.lang.IllegalStateException: javax.websocket.server.ServerContainer not available
Caused by: java.lang.IllegalStateException: javax.websocket.server.ServerContainer not available
</error>
    <system-out><![CDATA[2023-01-23 22:46:33.323  INFO 82847 --- [           main] .b.t.c.SpringBootTestContextBootstrapper : Neither @ContextConfiguration nor @ContextHierarchy found for test class [com.zlx.gradthesis.demo.Service.CartServiceTest], using SpringBootContextLoader
2023-01-23 22:46:33.324  INFO 82847 --- [           main] o.s.t.c.support.AbstractContextLoader    : Could not detect default resource locations for test class [com.zlx.gradthesis.demo.Service.CartServiceTest]: no resource found for suffixes {-context.xml, Context.groovy}.
2023-01-23 22:46:33.324  INFO 82847 --- [           main] t.c.s.AnnotationConfigContextLoaderUtils : Could not detect default configuration classes for test class [com.zlx.gradthesis.demo.Service.CartServiceTest]: CartServiceTest does not declare any static, non-private, non-final, nested classes annotated with @Configuration.
2023-01-23 22:46:33.325  INFO 82847 --- [           main] .b.t.c.SpringBootTestContextBootstrapper : Found @SpringBootConfiguration com.zlx.gradthesis.demo.DemoApplication for test class com.zlx.gradthesis.demo.Service.CartServiceTest
2023-01-23 22:46:33.328  INFO 82847 --- [           main] .b.t.c.SpringBootTestContextBootstrapper : Loaded default TestExecutionListener class names from location [META-INF/spring.factories]: [org.springframework.boot.test.mock.mockito.MockitoTestExecutionListener, org.springframework.boot.test.mock.mockito.ResetMocksTestExecutionListener, org.springframework.boot.test.autoconfigure.restdocs.RestDocsTestExecutionListener, org.springframework.boot.test.autoconfigure.web.client.MockRestServiceServerResetTestExecutionListener, org.springframework.boot.test.autoconfigure.web.servlet.MockMvcPrintOnlyOnFailureTestExecutionListener, org.springframework.boot.test.autoconfigure.web.servlet.WebDriverTestExecutionListener, org.springframework.boot.test.autoconfigure.webservices.client.MockWebServiceServerTestExecutionListener, org.springframework.test.context.web.ServletTestExecutionListener, org.springframework.test.context.support.DirtiesContextBeforeModesTestExecutionListener, org.springframework.test.context.event.ApplicationEventsTestExecutionListener, org.springframework.test.context.support.DependencyInjectionTestExecutionListener, org.springframework.test.context.support.DirtiesContextTestExecutionListener, org.springframework.test.context.transaction.TransactionalTestExecutionListener, org.springframework.test.context.jdbc.SqlScriptsTestExecutionListener, org.springframework.test.context.event.EventPublishingTestExecutionListener]
2023-01-23 22:46:33.329  INFO 82847 --- [           main] .b.t.c.SpringBootTestContextBootstrapper : Using TestExecutionListeners: [org.springframework.test.context.web.ServletTestExecutionListener@32f8a37b, org.springframework.test.context.support.DirtiesContextBeforeModesTestExecutionListener@657e7e8, org.springframework.test.context.event.ApplicationEventsTestExecutionListener@1b4ade78, org.springframework.boot.test.mock.mockito.MockitoTestExecutionListener@45fa7fb7, org.springframework.boot.test.autoconfigure.SpringBootDependencyInjectionTestExecutionListener@32eeef08, org.springframework.test.context.support.DirtiesContextTestExecutionListener@bbf361a, org.springframework.test.context.transaction.TransactionalTestExecutionListener@46cb800b, org.springframework.test.context.jdbc.SqlScriptsTestExecutionListener@505a48a2, org.springframework.test.context.event.EventPublishingTestExecutionListener@15096b0e, org.springframework.boot.test.mock.mockito.ResetMocksTestExecutionListener@67748053, org.springframework.boot.test.autoconfigure.restdocs.RestDocsTestExecutionListener@7da59f6e, org.springframework.boot.test.autoconfigure.web.client.MockRestServiceServerResetTestExecutionListener@7fb8d720, org.springframework.boot.test.autoconfigure.web.servlet.MockMvcPrintOnlyOnFailureTestExecutionListener@21b792c2, org.springframework.boot.test.autoconfigure.web.servlet.WebDriverTestExecutionListener@6202f8bf, org.springframework.boot.test.autoconfigure.webservices.client.MockWebServiceServerTestExecutionListener@330d557e]

  .   ____          _            __ _ _
 /\\ / ___'_ __ _ _(_)_ __  __ _ \ \ \ \
( ( )\___ | '_ | '_| | '_ \/ _` | \ \ \ \
 \\/  ___)| |_)| | | | | || (_| |  ) ) ) )
  '  |____| .__|_| |_|_| |_\__, | / / / /
 =========|_|==============|___/=/_/_/_/
 :: Spring Boot ::                (v2.5.6)

2023-01-23 22:46:33.379  INFO 82847 --- [           main] c.z.g.demo.Service.CartServiceTest       : Starting CartServiceTest using Java 17.0.6 on jinlingdeMacBook-Pro.local with PID 82847 (started by jinling in /Users/jinling/Desktop/vegan_project)
2023-01-23 22:46:33.380  INFO 82847 --- [           main] c.z.g.demo.Service.CartServiceTest       : No active profile set, falling back to default profiles: default
2023-01-23 22:46:33.682  INFO 82847 --- [           main] .s.d.r.c.RepositoryConfigurationDelegate : Multiple Spring Data modules found, entering strict repository configuration mode!
2023-01-23 22:46:33.683  INFO 82847 --- [           main] .s.d.r.c.RepositoryConfigurationDelegate : Bootstrapping Spring Data Redis repositories in DEFAULT mode.
2023-01-23 22:46:33.688  INFO 82847 --- [           main] .s.d.r.c.RepositoryConfigurationDelegate : Finished Spring Data repository scanning in 5 ms. Found 0 Redis repository interfaces.
 _ _   |_  _ _|_. ___ _ |    _ 
| | |\/|_)(_| | |_\  |_)||_|_\ 
     /               |         
                        3.4.1 
2023-01-23 22:46:34.267  INFO 82847 --- [           main] pertySourcedRequestMappingHandlerMapping : Mapped URL path [/v2/api-docs] onto method [springfox.documentation.swagger2.web.Swagger2Controller#getDocumentation(String, HttpServletRequest)]
2023-01-23 22:46:34.274  WARN 82847 --- [           main] o.s.w.c.s.GenericWebApplicationContext   : Exception encountered during context initialization - cancelling refresh attempt: org.springframework.beans.factory.BeanCreationException: Error creating bean with name 'getServerEndPointExporter' defined in class path resource [com/zlx/gradthesis/demo/websocket/WebSocketConfig.class]: Invocation of init method failed; nested exception is java.lang.IllegalStateException: javax.websocket.server.ServerContainer not available
2023-01-23 22:46:34.286  INFO 82847 --- [           main] ConditionEvaluationReportLoggingListener : 

Error starting ApplicationContext. To display the conditions report re-run your application with 'debug' enabled.
2023-01-23 22:46:34.309 ERROR 82847 --- [           main] o.s.boot.SpringApplication               : Application run failed

org.springframework.beans.factory.BeanCreationException: Error creating bean with name 'getServerEndPointExporter' defined in class path resource [com/zlx/gradthesis/demo/websocket/WebSocketConfig.class]: Invocation of init method failed; nested exception is java.lang.IllegalStateException: javax.websocket.server.ServerContainer not available
	at org.springframework.beans.factory.support.AbstractAutowireCapableBeanFactory.initializeBean(AbstractAutowireCapableBeanFactory.java:1804) ~[spring-beans-5.3.12.jar:5.3.12]
	at org.springframework.beans.factory.support.AbstractAutowireCapableBeanFactory.doCreateBean(AbstractAutowireCapableBeanFactory.java:620) ~[spring-beans-5.3.12.jar:5.3.12]
	at org.springframework.beans.factory.support.AbstractAutowireCapableBeanFactory.createBean(AbstractAutowireCapableBeanFactory.java:542) ~[spring-beans-5.3.12.jar:5.3.12]
	at org.springframework.beans.factory.support.AbstractBeanFactory.lambda$doGetBean$0(AbstractBeanFactory.java:335) ~[spring-beans-5.3.12.jar:5.3.12]
	at org.springframework.beans.factory.support.DefaultSingletonBeanRegistry.getSingleton(DefaultSingletonBeanRegistry.java:234) ~[spring-beans-5.3.12.jar:5.3.12]
	at org.springframework.beans.factory.support.AbstractBeanFactory.doGetBean(AbstractBeanFactory.java:333) ~[spring-beans-5.3.12.jar:5.3.12]
	at org.springframework.beans.factory.support.AbstractBeanFactory.getBean(AbstractBeanFactory.java:208) ~[spring-beans-5.3.12.jar:5.3.12]
	at org.springframework.beans.factory.support.DefaultListableBeanFactory.preInstantiateSingletons(DefaultListableBeanFactory.java:944) ~[spring-beans-5.3.12.jar:5.3.12]
	at org.springframework.context.support.AbstractApplicationContext.finishBeanFactoryInitialization(AbstractApplicationContext.java:918) ~[spring-context-5.3.12.jar:5.3.12]
	at org.springframework.context.support.AbstractApplicationContext.refresh(AbstractApplicationContext.java:583) ~[spring-context-5.3.12.jar:5.3.12]
	at org.springframework.boot.SpringApplication.refresh(SpringApplication.java:754) ~[spring-boot-2.5.6.jar:2.5.6]
	at org.springframework.boot.SpringApplication.refreshContext(SpringApplication.java:434) ~[spring-boot-2.5.6.jar:2.5.6]
	at org.springframework.boot.SpringApplication.run(SpringApplication.java:338) ~[spring-boot-2.5.6.jar:2.5.6]
	at org.springframework.boot.test.context.SpringBootContextLoader.loadContext(SpringBootContextLoader.java:123) ~[spring-boot-test-2.5.6.jar:2.5.6]
	at org.springframework.test.context.cache.DefaultCacheAwareContextLoaderDelegate.loadContextInternal(DefaultCacheAwareContextLoaderDelegate.java:99) ~[spring-test-5.3.12.jar:5.3.12]
	at org.springframework.test.context.cache.DefaultCacheAwareContextLoaderDelegate.loadContext(DefaultCacheAwareContextLoaderDelegate.java:124) ~[spring-test-5.3.12.jar:5.3.12]
	at org.springframework.test.context.support.DefaultTestContext.getApplicationContext(DefaultTestContext.java:124) ~[spring-test-5.3.12.jar:5.3.12]
	at org.springframework.test.context.web.ServletTestExecutionListener.setUpRequestContextIfNecessary(ServletTestExecutionListener.java:190) ~[spring-test-5.3.12.jar:5.3.12]
	at org.springframework.test.context.web.ServletTestExecutionListener.prepareTestInstance(ServletTestExecutionListener.java:132) ~[spring-test-5.3.12.jar:5.3.12]
	at org.springframework.test.context.TestContextManager.prepareTestInstance(TestContextManager.java:248) ~[spring-test-5.3.12.jar:5.3.12]
	at org.springframework.test.context.junit.jupiter.SpringExtension.postProcessTestInstance(SpringExtension.java:138) ~[spring-test-5.3.12.jar:5.3.12]
	at org.junit.jupiter.engine.descriptor.ClassBasedTestDescriptor.lambda$invokeTestInstancePostProcessors$6(ClassBasedTestDescriptor.java:350) ~[junit-jupiter-engine-5.7.2.jar:5.7.2]
	at org.junit.jupiter.engine.descriptor.ClassBasedTestDescriptor.executeAndMaskThrowable(ClassBasedTestDescriptor.java:355) ~[junit-jupiter-engine-5.7.2.jar:5.7.2]
	at org.junit.jupiter.engine.descriptor.ClassBasedTestDescriptor.lambda$invokeTestInstancePostProcessors$7(ClassBasedTestDescriptor.java:350) ~[junit-jupiter-engine-5.7.2.jar:5.7.2]
	at java.base/java.util.stream.ReferencePipeline$3$1.accept(ReferencePipeline.java:197) ~[na:na]
	at java.base/java.util.stream.ReferencePipeline$2$1.accept(ReferencePipeline.java:179) ~[na:na]
	at java.base/java.util.ArrayList$ArrayListSpliterator.forEachRemaining(ArrayList.java:1625) ~[na:na]
	at java.base/java.util.stream.AbstractPipeline.copyInto(AbstractPipeline.java:509) ~[na:na]
	at java.base/java.util.stream.AbstractPipeline.wrapAndCopyInto(AbstractPipeline.java:499) ~[na:na]
	at java.base/java.util.stream.StreamSpliterators$WrappingSpliterator.forEachRemaining(StreamSpliterators.java:310) ~[na:na]
	at java.base/java.util.stream.Streams$ConcatSpliterator.forEachRemaining(Streams.java:735) ~[na:na]
	at java.base/java.util.stream.Streams$ConcatSpliterator.forEachRemaining(Streams.java:734) ~[na:na]
	at java.base/java.util.stream.ReferencePipeline$Head.forEach(ReferencePipeline.java:762) ~[na:na]
	at org.junit.jupiter.engine.descriptor.ClassBasedTestDescriptor.invokeTestInstancePostProcessors(ClassBasedTestDescriptor.java:349) ~[junit-jupiter-engine-5.7.2.jar:5.7.2]
	at org.junit.jupiter.engine.descriptor.ClassBasedTestDescriptor.lambda$instantiateAndPostProcessTestInstance$4(ClassBasedTestDescriptor.java:270) ~[junit-jupiter-engine-5.7.2.jar:5.7.2]
	at org.junit.platform.engine.support.hierarchical.ThrowableCollector.execute(ThrowableCollector.java:73) ~[junit-platform-engine-1.7.2.jar:1.7.2]
	at org.junit.jupiter.engine.descriptor.ClassBasedTestDescriptor.instantiateAndPostProcessTestInstance(ClassBasedTestDescriptor.java:269) ~[junit-jupiter-engine-5.7.2.jar:5.7.2]
	at org.junit.jupiter.engine.descriptor.ClassBasedTestDescriptor.lambda$testInstancesProvider$2(ClassBasedTestDescriptor.java:259) ~[junit-jupiter-engine-5.7.2.jar:5.7.2]
	at java.base/java.util.Optional.orElseGet(Optional.java:364) ~[na:na]
	at org.junit.jupiter.engine.descriptor.ClassBasedTestDescriptor.lambda$testInstancesProvider$3(ClassBasedTestDescriptor.java:258) ~[junit-jupiter-engine-5.7.2.jar:5.7.2]
	at org.junit.jupiter.engine.execution.TestInstancesProvider.getTestInstances(TestInstancesProvider.java:31) ~[junit-jupiter-engine-5.7.2.jar:5.7.2]
	at org.junit.jupiter.engine.descriptor.TestMethodTestDescriptor.lambda$prepare$0(TestMethodTestDescriptor.java:101) ~[junit-jupiter-engine-5.7.2.jar:5.7.2]
	at org.junit.platform.engine.support.hierarchical.ThrowableCollector.execute(ThrowableCollector.java:73) ~[junit-platform-engine-1.7.2.jar:1.7.2]
	at org.junit.jupiter.engine.descriptor.TestMethodTestDescriptor.prepare(TestMethodTestDescriptor.java:100) ~[junit-jupiter-engine-5.7.2.jar:5.7.2]
	at org.junit.jupiter.engine.descriptor.TestMethodTestDescriptor.prepare(TestMethodTestDescriptor.java:65) ~[junit-jupiter-engine-5.7.2.jar:5.7.2]
	at org.junit.platform.engine.support.hierarchical.NodeTestTask.lambda$prepare$1(NodeTestTask.java:111) ~[junit-platform-engine-1.7.2.jar:1.7.2]
	at org.junit.platform.engine.support.hierarchical.ThrowableCollector.execute(ThrowableCollector.java:73) ~[junit-platform-engine-1.7.2.jar:1.7.2]
	at org.junit.platform.engine.support.hierarchical.NodeTestTask.prepare(NodeTestTask.java:111) ~[junit-platform-engine-1.7.2.jar:1.7.2]
	at org.junit.platform.engine.support.hierarchical.NodeTestTask.execute(NodeTestTask.java:79) ~[junit-platform-engine-1.7.2.jar:1.7.2]
	at java.base/java.util.ArrayList.forEach(ArrayList.java:1511) ~[na:na]
	at org.junit.platform.engine.support.hierarchical.SameThreadHierarchicalTestExecutorService.invokeAll(SameThreadHierarchicalTestExecutorService.java:38) ~[junit-platform-engine-1.7.2.jar:1.7.2]
	at org.junit.platform.engine.support.hierarchical.NodeTestTask.lambda$executeRecursively$5(NodeTestTask.java:143) ~[junit-platform-engine-1.7.2.jar:1.7.2]
	at org.junit.platform.engine.support.hierarchical.ThrowableCollector.execute(ThrowableCollector.java:73) ~[junit-platform-engine-1.7.2.jar:1.7.2]
	at org.junit.platform.engine.support.hierarchical.NodeTestTask.lambda$executeRecursively$7(NodeTestTask.java:129) ~[junit-platform-engine-1.7.2.jar:1.7.2]
	at org.junit.platform.engine.support.hierarchical.Node.around(Node.java:137) ~[junit-platform-engine-1.7.2.jar:1.7.2]
	at org.junit.platform.engine.support.hierarchical.NodeTestTask.lambda$executeRecursively$8(NodeTestTask.java:127) ~[junit-platform-engine-1.7.2.jar:1.7.2]
	at org.junit.platform.engine.support.hierarchical.ThrowableCollector.execute(ThrowableCollector.java:73) ~[junit-platform-engine-1.7.2.jar:1.7.2]
	at org.junit.platform.engine.support.hierarchical.NodeTestTask.executeRecursively(NodeTestTask.java:126) ~[junit-platform-engine-1.7.2.jar:1.7.2]
	at org.junit.platform.engine.support.hierarchical.NodeTestTask.execute(NodeTestTask.java:84) ~[junit-platform-engine-1.7.2.jar:1.7.2]
	at java.base/java.util.ArrayList.forEach(ArrayList.java:1511) ~[na:na]
	at org.junit.platform.engine.support.hierarchical.SameThreadHierarchicalTestExecutorService.invokeAll(SameThreadHierarchicalTestExecutorService.java:38) ~[junit-platform-engine-1.7.2.jar:1.7.2]
	at org.junit.platform.engine.support.hierarchical.NodeTestTask.lambda$executeRecursively$5(NodeTestTask.java:143) ~[junit-platform-engine-1.7.2.jar:1.7.2]
	at org.junit.platform.engine.support.hierarchical.ThrowableCollector.execute(ThrowableCollector.java:73) ~[junit-platform-engine-1.7.2.jar:1.7.2]
	at org.junit.platform.engine.support.hierarchical.NodeTestTask.lambda$executeRecursively$7(NodeTestTask.java:129) ~[junit-platform-engine-1.7.2.jar:1.7.2]
	at org.junit.platform.engine.support.hierarchical.Node.around(Node.java:137) ~[junit-platform-engine-1.7.2.jar:1.7.2]
	at org.junit.platform.engine.support.hierarchical.NodeTestTask.lambda$executeRecursively$8(NodeTestTask.java:127) ~[junit-platform-engine-1.7.2.jar:1.7.2]
	at org.junit.platform.engine.support.hierarchical.ThrowableCollector.execute(ThrowableCollector.java:73) ~[junit-platform-engine-1.7.2.jar:1.7.2]
	at org.junit.platform.engine.support.hierarchical.NodeTestTask.executeRecursively(NodeTestTask.java:126) ~[junit-platform-engine-1.7.2.jar:1.7.2]
	at org.junit.platform.engine.support.hierarchical.NodeTestTask.execute(NodeTestTask.java:84) ~[junit-platform-engine-1.7.2.jar:1.7.2]
	at org.junit.platform.engine.support.hierarchical.SameThreadHierarchicalTestExecutorService.submit(SameThreadHierarchicalTestExecutorService.java:32) ~[junit-platform-engine-1.7.2.jar:1.7.2]
	at org.junit.platform.engine.support.hierarchical.HierarchicalTestExecutor.execute(HierarchicalTestExecutor.java:57) ~[junit-platform-engine-1.7.2.jar:1.7.2]
	at org.junit.platform.engine.support.hierarchical.HierarchicalTestEngine.execute(HierarchicalTestEngine.java:51) ~[junit-platform-engine-1.7.2.jar:1.7.2]
	at org.junit.platform.launcher.core.DefaultLauncher.execute(DefaultLauncher.java:220) ~[junit-platform-launcher-1.3.1.jar:1.3.1]
	at org.junit.platform.launcher.core.DefaultLauncher.lambda$execute$6(DefaultLauncher.java:188) ~[junit-platform-launcher-1.3.1.jar:1.3.1]
	at org.junit.platform.launcher.core.DefaultLauncher.withInterceptedStreams(DefaultLauncher.java:202) ~[junit-platform-launcher-1.3.1.jar:1.3.1]
	at org.junit.platform.launcher.core.DefaultLauncher.execute(DefaultLauncher.java:181) ~[junit-platform-launcher-1.3.1.jar:1.3.1]
	at org.junit.platform.launcher.core.DefaultLauncher.execute(DefaultLauncher.java:128) ~[junit-platform-launcher-1.3.1.jar:1.3.1]
	at org.apache.maven.surefire.junitplatform.JUnitPlatformProvider.invokeAllTests(JUnitPlatformProvider.java:150) ~[surefire-junit-platform-2.22.2.jar:2.22.2]
	at org.apache.maven.surefire.junitplatform.JUnitPlatformProvider.invoke(JUnitPlatformProvider.java:124) ~[surefire-junit-platform-2.22.2.jar:2.22.2]
	at org.apache.maven.surefire.booter.ForkedBooter.invokeProviderInSameClassLoader(ForkedBooter.java:384) ~[surefire-booter-2.22.2.jar:2.22.2]
	at org.apache.maven.surefire.booter.ForkedBooter.runSuitesInProcess(ForkedBooter.java:345) ~[surefire-booter-2.22.2.jar:2.22.2]
	at org.apache.maven.surefire.booter.ForkedBooter.execute(ForkedBooter.java:126) ~[surefire-booter-2.22.2.jar:2.22.2]
	at org.apache.maven.surefire.booter.ForkedBooter.main(ForkedBooter.java:418) ~[surefire-booter-2.22.2.jar:2.22.2]
Caused by: java.lang.IllegalStateException: javax.websocket.server.ServerContainer not available
	at org.springframework.util.Assert.state(Assert.java:76) ~[spring-core-5.3.12.jar:5.3.12]
	at org.springframework.web.socket.server.standard.ServerEndpointExporter.afterPropertiesSet(ServerEndpointExporter.java:107) ~[spring-websocket-5.3.12.jar:5.3.12]
	at org.springframework.beans.factory.support.AbstractAutowireCapableBeanFactory.invokeInitMethods(AbstractAutowireCapableBeanFactory.java:1863) ~[spring-beans-5.3.12.jar:5.3.12]
	at org.springframework.beans.factory.support.AbstractAutowireCapableBeanFactory.initializeBean(AbstractAutowireCapableBeanFactory.java:1800) ~[spring-beans-5.3.12.jar:5.3.12]
	... 82 common frames omitted

2023-01-23 22:46:34.313 ERROR 82847 --- [           main] o.s.test.context.TestContextManager      : Caught exception while allowing TestExecutionListener [org.springframework.test.context.web.ServletTestExecutionListener@32f8a37b] to prepare test instance [com.zlx.gradthesis.demo.Service.CartServiceTest@4f3a8e3e]

java.lang.IllegalStateException: Failed to load ApplicationContext
	at org.springframework.test.context.cache.DefaultCacheAwareContextLoaderDelegate.loadContext(DefaultCacheAwareContextLoaderDelegate.java:132) ~[spring-test-5.3.12.jar:5.3.12]
	at org.springframework.test.context.support.DefaultTestContext.getApplicationContext(DefaultTestContext.java:124) ~[spring-test-5.3.12.jar:5.3.12]
	at org.springframework.test.context.web.ServletTestExecutionListener.setUpRequestContextIfNecessary(ServletTestExecutionListener.java:190) ~[spring-test-5.3.12.jar:5.3.12]
	at org.springframework.test.context.web.ServletTestExecutionListener.prepareTestInstance(ServletTestExecutionListener.java:132) ~[spring-test-5.3.12.jar:5.3.12]
	at org.springframework.test.context.TestContextManager.prepareTestInstance(TestContextManager.java:248) ~[spring-test-5.3.12.jar:5.3.12]
	at org.springframework.test.context.junit.jupiter.SpringExtension.postProcessTestInstance(SpringExtension.java:138) ~[spring-test-5.3.12.jar:5.3.12]
	at org.junit.jupiter.engine.descriptor.ClassBasedTestDescriptor.lambda$invokeTestInstancePostProcessors$6(ClassBasedTestDescriptor.java:350) ~[junit-jupiter-engine-5.7.2.jar:5.7.2]
	at org.junit.jupiter.engine.descriptor.ClassBasedTestDescriptor.executeAndMaskThrowable(ClassBasedTestDescriptor.java:355) ~[junit-jupiter-engine-5.7.2.jar:5.7.2]
	at org.junit.jupiter.engine.descriptor.ClassBasedTestDescriptor.lambda$invokeTestInstancePostProcessors$7(ClassBasedTestDescriptor.java:350) ~[junit-jupiter-engine-5.7.2.jar:5.7.2]
	at java.base/java.util.stream.ReferencePipeline$3$1.accept(ReferencePipeline.java:197) ~[na:na]
	at java.base/java.util.stream.ReferencePipeline$2$1.accept(ReferencePipeline.java:179) ~[na:na]
	at java.base/java.util.ArrayList$ArrayListSpliterator.forEachRemaining(ArrayList.java:1625) ~[na:na]
	at java.base/java.util.stream.AbstractPipeline.copyInto(AbstractPipeline.java:509) ~[na:na]
	at java.base/java.util.stream.AbstractPipeline.wrapAndCopyInto(AbstractPipeline.java:499) ~[na:na]
	at java.base/java.util.stream.StreamSpliterators$WrappingSpliterator.forEachRemaining(StreamSpliterators.java:310) ~[na:na]
	at java.base/java.util.stream.Streams$ConcatSpliterator.forEachRemaining(Streams.java:735) ~[na:na]
	at java.base/java.util.stream.Streams$ConcatSpliterator.forEachRemaining(Streams.java:734) ~[na:na]
	at java.base/java.util.stream.ReferencePipeline$Head.forEach(ReferencePipeline.java:762) ~[na:na]
	at org.junit.jupiter.engine.descriptor.ClassBasedTestDescriptor.invokeTestInstancePostProcessors(ClassBasedTestDescriptor.java:349) ~[junit-jupiter-engine-5.7.2.jar:5.7.2]
	at org.junit.jupiter.engine.descriptor.ClassBasedTestDescriptor.lambda$instantiateAndPostProcessTestInstance$4(ClassBasedTestDescriptor.java:270) ~[junit-jupiter-engine-5.7.2.jar:5.7.2]
	at org.junit.platform.engine.support.hierarchical.ThrowableCollector.execute(ThrowableCollector.java:73) ~[junit-platform-engine-1.7.2.jar:1.7.2]
	at org.junit.jupiter.engine.descriptor.ClassBasedTestDescriptor.instantiateAndPostProcessTestInstance(ClassBasedTestDescriptor.java:269) ~[junit-jupiter-engine-5.7.2.jar:5.7.2]
	at org.junit.jupiter.engine.descriptor.ClassBasedTestDescriptor.lambda$testInstancesProvider$2(ClassBasedTestDescriptor.java:259) ~[junit-jupiter-engine-5.7.2.jar:5.7.2]
	at java.base/java.util.Optional.orElseGet(Optional.java:364) ~[na:na]
	at org.junit.jupiter.engine.descriptor.ClassBasedTestDescriptor.lambda$testInstancesProvider$3(ClassBasedTestDescriptor.java:258) ~[junit-jupiter-engine-5.7.2.jar:5.7.2]
	at org.junit.jupiter.engine.execution.TestInstancesProvider.getTestInstances(TestInstancesProvider.java:31) ~[junit-jupiter-engine-5.7.2.jar:5.7.2]
	at org.junit.jupiter.engine.descriptor.TestMethodTestDescriptor.lambda$prepare$0(TestMethodTestDescriptor.java:101) ~[junit-jupiter-engine-5.7.2.jar:5.7.2]
	at org.junit.platform.engine.support.hierarchical.ThrowableCollector.execute(ThrowableCollector.java:73) ~[junit-platform-engine-1.7.2.jar:1.7.2]
	at org.junit.jupiter.engine.descriptor.TestMethodTestDescriptor.prepare(TestMethodTestDescriptor.java:100) ~[junit-jupiter-engine-5.7.2.jar:5.7.2]
	at org.junit.jupiter.engine.descriptor.TestMethodTestDescriptor.prepare(TestMethodTestDescriptor.java:65) ~[junit-jupiter-engine-5.7.2.jar:5.7.2]
	at org.junit.platform.engine.support.hierarchical.NodeTestTask.lambda$prepare$1(NodeTestTask.java:111) ~[junit-platform-engine-1.7.2.jar:1.7.2]
	at org.junit.platform.engine.support.hierarchical.ThrowableCollector.execute(ThrowableCollector.java:73) ~[junit-platform-engine-1.7.2.jar:1.7.2]
	at org.junit.platform.engine.support.hierarchical.NodeTestTask.prepare(NodeTestTask.java:111) ~[junit-platform-engine-1.7.2.jar:1.7.2]
	at org.junit.platform.engine.support.hierarchical.NodeTestTask.execute(NodeTestTask.java:79) ~[junit-platform-engine-1.7.2.jar:1.7.2]
	at java.base/java.util.ArrayList.forEach(ArrayList.java:1511) ~[na:na]
	at org.junit.platform.engine.support.hierarchical.SameThreadHierarchicalTestExecutorService.invokeAll(SameThreadHierarchicalTestExecutorService.java:38) ~[junit-platform-engine-1.7.2.jar:1.7.2]
	at org.junit.platform.engine.support.hierarchical.NodeTestTask.lambda$executeRecursively$5(NodeTestTask.java:143) ~[junit-platform-engine-1.7.2.jar:1.7.2]
	at org.junit.platform.engine.support.hierarchical.ThrowableCollector.execute(ThrowableCollector.java:73) ~[junit-platform-engine-1.7.2.jar:1.7.2]
	at org.junit.platform.engine.support.hierarchical.NodeTestTask.lambda$executeRecursively$7(NodeTestTask.java:129) ~[junit-platform-engine-1.7.2.jar:1.7.2]
	at org.junit.platform.engine.support.hierarchical.Node.around(Node.java:137) ~[junit-platform-engine-1.7.2.jar:1.7.2]
	at org.junit.platform.engine.support.hierarchical.NodeTestTask.lambda$executeRecursively$8(NodeTestTask.java:127) ~[junit-platform-engine-1.7.2.jar:1.7.2]
	at org.junit.platform.engine.support.hierarchical.ThrowableCollector.execute(ThrowableCollector.java:73) ~[junit-platform-engine-1.7.2.jar:1.7.2]
	at org.junit.platform.engine.support.hierarchical.NodeTestTask.executeRecursively(NodeTestTask.java:126) ~[junit-platform-engine-1.7.2.jar:1.7.2]
	at org.junit.platform.engine.support.hierarchical.NodeTestTask.execute(NodeTestTask.java:84) ~[junit-platform-engine-1.7.2.jar:1.7.2]
	at java.base/java.util.ArrayList.forEach(ArrayList.java:1511) ~[na:na]
	at org.junit.platform.engine.support.hierarchical.SameThreadHierarchicalTestExecutorService.invokeAll(SameThreadHierarchicalTestExecutorService.java:38) ~[junit-platform-engine-1.7.2.jar:1.7.2]
	at org.junit.platform.engine.support.hierarchical.NodeTestTask.lambda$executeRecursively$5(NodeTestTask.java:143) ~[junit-platform-engine-1.7.2.jar:1.7.2]
	at org.junit.platform.engine.support.hierarchical.ThrowableCollector.execute(ThrowableCollector.java:73) ~[junit-platform-engine-1.7.2.jar:1.7.2]
	at org.junit.platform.engine.support.hierarchical.NodeTestTask.lambda$executeRecursively$7(NodeTestTask.java:129) ~[junit-platform-engine-1.7.2.jar:1.7.2]
	at org.junit.platform.engine.support.hierarchical.Node.around(Node.java:137) ~[junit-platform-engine-1.7.2.jar:1.7.2]
	at org.junit.platform.engine.support.hierarchical.NodeTestTask.lambda$executeRecursively$8(NodeTestTask.java:127) ~[junit-platform-engine-1.7.2.jar:1.7.2]
	at org.junit.platform.engine.support.hierarchical.ThrowableCollector.execute(ThrowableCollector.java:73) ~[junit-platform-engine-1.7.2.jar:1.7.2]
	at org.junit.platform.engine.support.hierarchical.NodeTestTask.executeRecursively(NodeTestTask.java:126) ~[junit-platform-engine-1.7.2.jar:1.7.2]
	at org.junit.platform.engine.support.hierarchical.NodeTestTask.execute(NodeTestTask.java:84) ~[junit-platform-engine-1.7.2.jar:1.7.2]
	at org.junit.platform.engine.support.hierarchical.SameThreadHierarchicalTestExecutorService.submit(SameThreadHierarchicalTestExecutorService.java:32) ~[junit-platform-engine-1.7.2.jar:1.7.2]
	at org.junit.platform.engine.support.hierarchical.HierarchicalTestExecutor.execute(HierarchicalTestExecutor.java:57) ~[junit-platform-engine-1.7.2.jar:1.7.2]
	at org.junit.platform.engine.support.hierarchical.HierarchicalTestEngine.execute(HierarchicalTestEngine.java:51) ~[junit-platform-engine-1.7.2.jar:1.7.2]
	at org.junit.platform.launcher.core.DefaultLauncher.execute(DefaultLauncher.java:220) ~[junit-platform-launcher-1.3.1.jar:1.3.1]
	at org.junit.platform.launcher.core.DefaultLauncher.lambda$execute$6(DefaultLauncher.java:188) ~[junit-platform-launcher-1.3.1.jar:1.3.1]
	at org.junit.platform.launcher.core.DefaultLauncher.withInterceptedStreams(DefaultLauncher.java:202) ~[junit-platform-launcher-1.3.1.jar:1.3.1]
	at org.junit.platform.launcher.core.DefaultLauncher.execute(DefaultLauncher.java:181) ~[junit-platform-launcher-1.3.1.jar:1.3.1]
	at org.junit.platform.launcher.core.DefaultLauncher.execute(DefaultLauncher.java:128) ~[junit-platform-launcher-1.3.1.jar:1.3.1]
	at org.apache.maven.surefire.junitplatform.JUnitPlatformProvider.invokeAllTests(JUnitPlatformProvider.java:150) ~[surefire-junit-platform-2.22.2.jar:2.22.2]
	at org.apache.maven.surefire.junitplatform.JUnitPlatformProvider.invoke(JUnitPlatformProvider.java:124) ~[surefire-junit-platform-2.22.2.jar:2.22.2]
	at org.apache.maven.surefire.booter.ForkedBooter.invokeProviderInSameClassLoader(ForkedBooter.java:384) ~[surefire-booter-2.22.2.jar:2.22.2]
	at org.apache.maven.surefire.booter.ForkedBooter.runSuitesInProcess(ForkedBooter.java:345) ~[surefire-booter-2.22.2.jar:2.22.2]
	at org.apache.maven.surefire.booter.ForkedBooter.execute(ForkedBooter.java:126) ~[surefire-booter-2.22.2.jar:2.22.2]
	at org.apache.maven.surefire.booter.ForkedBooter.main(ForkedBooter.java:418) ~[surefire-booter-2.22.2.jar:2.22.2]
Caused by: org.springframework.beans.factory.BeanCreationException: Error creating bean with name 'getServerEndPointExporter' defined in class path resource [com/zlx/gradthesis/demo/websocket/WebSocketConfig.class]: Invocation of init method failed; nested exception is java.lang.IllegalStateException: javax.websocket.server.ServerContainer not available
	at org.springframework.beans.factory.support.AbstractAutowireCapableBeanFactory.initializeBean(AbstractAutowireCapableBeanFactory.java:1804) ~[spring-beans-5.3.12.jar:5.3.12]
	at org.springframework.beans.factory.support.AbstractAutowireCapableBeanFactory.doCreateBean(AbstractAutowireCapableBeanFactory.java:620) ~[spring-beans-5.3.12.jar:5.3.12]
	at org.springframework.beans.factory.support.AbstractAutowireCapableBeanFactory.createBean(AbstractAutowireCapableBeanFactory.java:542) ~[spring-beans-5.3.12.jar:5.3.12]
	at org.springframework.beans.factory.support.AbstractBeanFactory.lambda$doGetBean$0(AbstractBeanFactory.java:335) ~[spring-beans-5.3.12.jar:5.3.12]
	at org.springframework.beans.factory.support.DefaultSingletonBeanRegistry.getSingleton(DefaultSingletonBeanRegistry.java:234) ~[spring-beans-5.3.12.jar:5.3.12]
	at org.springframework.beans.factory.support.AbstractBeanFactory.doGetBean(AbstractBeanFactory.java:333) ~[spring-beans-5.3.12.jar:5.3.12]
	at org.springframework.beans.factory.support.AbstractBeanFactory.getBean(AbstractBeanFactory.java:208) ~[spring-beans-5.3.12.jar:5.3.12]
	at org.springframework.beans.factory.support.DefaultListableBeanFactory.preInstantiateSingletons(DefaultListableBeanFactory.java:944) ~[spring-beans-5.3.12.jar:5.3.12]
	at org.springframework.context.support.AbstractApplicationContext.finishBeanFactoryInitialization(AbstractApplicationContext.java:918) ~[spring-context-5.3.12.jar:5.3.12]
	at org.springframework.context.support.AbstractApplicationContext.refresh(AbstractApplicationContext.java:583) ~[spring-context-5.3.12.jar:5.3.12]
	at org.springframework.boot.SpringApplication.refresh(SpringApplication.java:754) ~[spring-boot-2.5.6.jar:2.5.6]
	at org.springframework.boot.SpringApplication.refreshContext(SpringApplication.java:434) ~[spring-boot-2.5.6.jar:2.5.6]
	at org.springframework.boot.SpringApplication.run(SpringApplication.java:338) ~[spring-boot-2.5.6.jar:2.5.6]
	at org.springframework.boot.test.context.SpringBootContextLoader.loadContext(SpringBootContextLoader.java:123) ~[spring-boot-test-2.5.6.jar:2.5.6]
	at org.springframework.test.context.cache.DefaultCacheAwareContextLoaderDelegate.loadContextInternal(DefaultCacheAwareContextLoaderDelegate.java:99) ~[spring-test-5.3.12.jar:5.3.12]
	at org.springframework.test.context.cache.DefaultCacheAwareContextLoaderDelegate.loadContext(DefaultCacheAwareContextLoaderDelegate.java:124) ~[spring-test-5.3.12.jar:5.3.12]
	... 67 common frames omitted
Caused by: java.lang.IllegalStateException: javax.websocket.server.ServerContainer not available
	at org.springframework.util.Assert.state(Assert.java:76) ~[spring-core-5.3.12.jar:5.3.12]
	at org.springframework.web.socket.server.standard.ServerEndpointExporter.afterPropertiesSet(ServerEndpointExporter.java:107) ~[spring-websocket-5.3.12.jar:5.3.12]
	at org.springframework.beans.factory.support.AbstractAutowireCapableBeanFactory.invokeInitMethods(AbstractAutowireCapableBeanFactory.java:1863) ~[spring-beans-5.3.12.jar:5.3.12]
	at org.springframework.beans.factory.support.AbstractAutowireCapableBeanFactory.initializeBean(AbstractAutowireCapableBeanFactory.java:1800) ~[spring-beans-5.3.12.jar:5.3.12]
	... 82 common frames omitted

]]></system-out>
  </testcase>
</testsuite>